{"/Users/tsl08/Documents/pers/YourHome copy/src/App.tsx": {"path":"/Users/tsl08/Documents/pers/YourHome copy/src/App.tsx","statementMap":{"0":{"start":{"line":5,"column":12},"end":{"line":13,"column":1}},"1":{"start":{"line":6,"column":2},"end":{"line":12,"column":4}},"2":{"start":{"line":9,"column":8},"end":{"line":9,"column":61}}},"fnMap":{"0":{"name":"(anonymous_0)","decl":{"start":{"line":5,"column":12},"end":{"line":5,"column":13}},"loc":{"start":{"line":5,"column":18},"end":{"line":13,"column":1}},"line":5},"1":{"name":"(anonymous_1)","decl":{"start":{"line":8,"column":11},"end":{"line":8,"column":12}},"loc":{"start":{"line":8,"column":34},"end":{"line":10,"column":7}},"line":8}},"branchMap":{},"s":{"0":0,"1":0,"2":0},"f":{"0":0,"1":0},"b":{}}
,"/Users/tsl08/Documents/pers/YourHome copy/src/Stack.ts": {"path":"/Users/tsl08/Documents/pers/YourHome copy/src/Stack.ts","statementMap":{"0":{"start":{"line":4,"column":18},"end":{"line":12,"column":1}}},"fnMap":{},"branchMap":{},"s":{"0":0},"f":{},"b":{}}
,"/Users/tsl08/Documents/pers/YourHome copy/src/index.tsx": {"path":"/Users/tsl08/Documents/pers/YourHome copy/src/index.tsx","statementMap":{"0":{"start":{"line":12,"column":4},"end":{"line":12,"column":36}},"1":{"start":{"line":15,"column":4},"end":{"line":23,"column":6}}},"fnMap":{"0":{"name":"(anonymous_0)","decl":{"start":{"line":11,"column":2},"end":{"line":11,"column":3}},"loc":{"start":{"line":11,"column":22},"end":{"line":13,"column":3}},"line":11},"1":{"name":"(anonymous_1)","decl":{"start":{"line":14,"column":2},"end":{"line":14,"column":3}},"loc":{"start":{"line":14,"column":18},"end":{"line":24,"column":3}},"line":14}},"branchMap":{},"s":{"0":0,"1":0},"f":{"0":0,"1":0},"b":{}}
,"/Users/tsl08/Documents/pers/YourHome copy/src/store.ts": {"path":"/Users/tsl08/Documents/pers/YourHome copy/src/store.ts","statementMap":{"0":{"start":{"line":16,"column":25},"end":{"line":19,"column":1}},"1":{"start":{"line":21,"column":30},"end":{"line":24,"column":1}},"2":{"start":{"line":26,"column":24},"end":{"line":29,"column":1}},"3":{"start":{"line":31,"column":27},"end":{"line":31,"column":52}},"4":{"start":{"line":34,"column":22},"end":{"line":36,"column":1}},"5":{"start":{"line":34,"column":48},"end":{"line":36,"column":1}},"6":{"start":{"line":34,"column":68},"end":{"line":36,"column":1}},"7":{"start":{"line":35,"column":2},"end":{"line":35,"column":15}},"8":{"start":{"line":38,"column":23},"end":{"line":38,"column":45}},"9":{"start":{"line":40,"column":20},"end":{"line":40,"column":58}},"10":{"start":{"line":41,"column":18},"end":{"line":41,"column":51}},"11":{"start":{"line":43,"column":21},"end":{"line":43,"column":68}},"12":{"start":{"line":45,"column":25},"end":{"line":45,"column":44}}},"fnMap":{"0":{"name":"(anonymous_0)","decl":{"start":{"line":34,"column":22},"end":{"line":34,"column":23}},"loc":{"start":{"line":34,"column":48},"end":{"line":36,"column":1}},"line":34},"1":{"name":"(anonymous_1)","decl":{"start":{"line":34,"column":48},"end":{"line":34,"column":49}},"loc":{"start":{"line":34,"column":68},"end":{"line":36,"column":1}},"line":34},"2":{"name":"(anonymous_2)","decl":{"start":{"line":34,"column":68},"end":{"line":34,"column":69}},"loc":{"start":{"line":34,"column":85},"end":{"line":36,"column":1}},"line":34}},"branchMap":{},"s":{"0":1,"1":1,"2":1,"3":1,"4":1,"5":1,"6":1,"7":2,"8":1,"9":1,"10":1,"11":1,"12":1},"f":{"0":1,"1":1,"2":2},"b":{},"_coverageSchema":"1a1c01bbd47fc00a2c39e90264f33305004495a9","hash":"45ab0089bf4fc0f6e5cd547b252985cd9f044512"}
,"/Users/tsl08/Documents/pers/YourHome copy/src/actions/actionTypes.ts": {"path":"/Users/tsl08/Documents/pers/YourHome copy/src/actions/actionTypes.ts","statementMap":{"0":{"start":{"line":10,"column":37},"end":{"line":10,"column":39}},"1":{"start":{"line":11,"column":2},"end":{"line":11,"column":59}},"2":{"start":{"line":11,"column":27},"end":{"line":11,"column":56}},"3":{"start":{"line":12,"column":2},"end":{"line":12,"column":13}},"4":{"start":{"line":15,"column":19},"end":{"line":15,"column":64}},"5":{"start":{"line":17,"column":25},"end":{"line":23,"column":2}}},"fnMap":{"0":{"name":"createActionTypes","decl":{"start":{"line":9,"column":9},"end":{"line":9,"column":26}},"loc":{"start":{"line":9,"column":58},"end":{"line":13,"column":1}},"line":9},"1":{"name":"(anonymous_1)","decl":{"start":{"line":11,"column":16},"end":{"line":11,"column":17}},"loc":{"start":{"line":11,"column":27},"end":{"line":11,"column":56}},"line":11}},"branchMap":{},"s":{"0":6,"1":6,"2":18,"3":6,"4":3,"5":3},"f":{"0":6,"1":18},"b":{},"_coverageSchema":"1a1c01bbd47fc00a2c39e90264f33305004495a9","hash":"2b282b23c019aa3c67df858eeac09fe3beb48f45"}
,"/Users/tsl08/Documents/pers/YourHome copy/src/actions/appActions.ts": {"path":"/Users/tsl08/Documents/pers/YourHome copy/src/actions/appActions.ts","statementMap":{"0":{"start":{"line":11,"column":29},"end":{"line":12,"column":42}},"1":{"start":{"line":12,"column":2},"end":{"line":12,"column":42}}},"fnMap":{"0":{"name":"(anonymous_0)","decl":{"start":{"line":11,"column":29},"end":{"line":11,"column":30}},"loc":{"start":{"line":12,"column":2},"end":{"line":12,"column":42}},"line":12}},"branchMap":{},"s":{"0":1,"1":1},"f":{"0":1},"b":{},"_coverageSchema":"1a1c01bbd47fc00a2c39e90264f33305004495a9","hash":"cf791a1d72204caa83379772066c211752ca4835"}
,"/Users/tsl08/Documents/pers/YourHome copy/src/actions/orderBookActions.ts": {"path":"/Users/tsl08/Documents/pers/YourHome copy/src/actions/orderBookActions.ts","statementMap":{"0":{"start":{"line":4,"column":32},"end":{"line":4,"column":41}},"1":{"start":{"line":5,"column":30},"end":{"line":5,"column":37}},"2":{"start":{"line":6,"column":29},"end":{"line":6,"column":35}},"3":{"start":{"line":7,"column":27},"end":{"line":7,"column":40}},"4":{"start":{"line":16,"column":2},"end":{"line":41,"column":4}},"5":{"start":{"line":17,"column":4},"end":{"line":17,"column":59}},"6":{"start":{"line":18,"column":4},"end":{"line":40,"column":7}},"7":{"start":{"line":19,"column":6},"end":{"line":39,"column":7}},"8":{"start":{"line":21,"column":10},"end":{"line":24,"column":13}},"9":{"start":{"line":26,"column":10},"end":{"line":29,"column":13}},"10":{"start":{"line":31,"column":10},"end":{"line":34,"column":13}},"11":{"start":{"line":36,"column":10},"end":{"line":38,"column":13}},"12":{"start":{"line":45,"column":2},"end":{"line":47,"column":4}}},"fnMap":{"0":{"name":"subscribeOrderBook","decl":{"start":{"line":15,"column":16},"end":{"line":15,"column":34}},"loc":{"start":{"line":15,"column":37},"end":{"line":42,"column":1}},"line":15},"1":{"name":"(anonymous_1)","decl":{"start":{"line":16,"column":9},"end":{"line":16,"column":10}},"loc":{"start":{"line":16,"column":70},"end":{"line":41,"column":3}},"line":16},"2":{"name":"(anonymous_2)","decl":{"start":{"line":18,"column":31},"end":{"line":18,"column":32}},"loc":{"start":{"line":18,"column":60},"end":{"line":40,"column":5}},"line":18},"3":{"name":"unsubscribeOrderBook","decl":{"start":{"line":44,"column":16},"end":{"line":44,"column":36}},"loc":{"start":{"line":44,"column":39},"end":{"line":48,"column":1}},"line":44}},"branchMap":{"0":{"loc":{"start":{"line":19,"column":6},"end":{"line":39,"column":7}},"type":"switch","locations":[{"start":{"line":20,"column":8},"end":{"line":24,"column":13}},{"start":{"line":25,"column":8},"end":{"line":29,"column":13}},{"start":{"line":30,"column":8},"end":{"line":34,"column":13}},{"start":{"line":35,"column":8},"end":{"line":38,"column":13}}],"line":19},"1":{"loc":{"start":{"line":28,"column":21},"end":{"line":28,"column":51}},"type":"binary-expr","locations":[{"start":{"line":28,"column":21},"end":{"line":28,"column":25}},{"start":{"line":28,"column":29},"end":{"line":28,"column":51}}],"line":28}},"s":{"0":2,"1":2,"2":2,"3":2,"4":0,"5":0,"6":0,"7":0,"8":0,"9":0,"10":0,"11":0,"12":1},"f":{"0":0,"1":0,"2":0,"3":1},"b":{"0":[0,0,0,0],"1":[0,0]},"_coverageSchema":"1a1c01bbd47fc00a2c39e90264f33305004495a9","hash":"9d7b4b80ca80494a5a075364062167123fd96d95"}
,"/Users/tsl08/Documents/pers/YourHome copy/src/components/headerComponent.tsx": {"path":"/Users/tsl08/Documents/pers/YourHome copy/src/components/headerComponent.tsx","statementMap":{"0":{"start":{"line":4,"column":22},"end":{"line":12,"column":1}},"1":{"start":{"line":5,"column":2},"end":{"line":11,"column":4}},"2":{"start":{"line":14,"column":15},"end":{"line":18,"column":2}}},"fnMap":{"0":{"name":"(anonymous_0)","decl":{"start":{"line":4,"column":22},"end":{"line":4,"column":23}},"loc":{"start":{"line":4,"column":28},"end":{"line":12,"column":1}},"line":4}},"branchMap":{},"s":{"0":1,"1":2,"2":1},"f":{"0":2},"b":{},"_coverageSchema":"1a1c01bbd47fc00a2c39e90264f33305004495a9","hash":"97199c843bce5039063944dd40132cfa4b6bfbb2"}
,"/Users/tsl08/Documents/pers/YourHome copy/src/components/OrderBook/OrderBook.tsx": {"path":"/Users/tsl08/Documents/pers/YourHome copy/src/components/OrderBook/OrderBook.tsx","statementMap":{"0":{"start":{"line":33,"column":24},"end":{"line":35,"column":3}},"1":{"start":{"line":40,"column":8},"end":{"line":40,"column":12}},"2":{"start":{"line":42,"column":4},"end":{"line":42,"column":25}},"3":{"start":{"line":43,"column":4},"end":{"line":43,"column":68}},"4":{"start":{"line":47,"column":4},"end":{"line":47,"column":23}},"5":{"start":{"line":48,"column":4},"end":{"line":48,"column":71}},"6":{"start":{"line":51,"column":26},"end":{"line":62,"column":3}},"7":{"start":{"line":52,"column":4},"end":{"line":52,"column":44}},"8":{"start":{"line":54,"column":4},"end":{"line":56,"column":5}},"9":{"start":{"line":55,"column":6},"end":{"line":55,"column":25}},"10":{"start":{"line":58,"column":4},"end":{"line":61,"column":5}},"11":{"start":{"line":59,"column":35},"end":{"line":59,"column":45}},"12":{"start":{"line":60,"column":6},"end":{"line":60,"column":27}},"13":{"start":{"line":64,"column":26},"end":{"line":64,"column":36}},"14":{"start":{"line":66,"column":4},"end":{"line":74,"column":5}},"15":{"start":{"line":67,"column":6},"end":{"line":73,"column":8}},"16":{"start":{"line":76,"column":4},"end":{"line":97,"column":6}},"17":{"start":{"line":82,"column":34},"end":{"line":82,"column":52}},"18":{"start":{"line":84,"column":37},"end":{"line":84,"column":47}},"19":{"start":{"line":92,"column":34},"end":{"line":92,"column":52}},"20":{"start":{"line":94,"column":37},"end":{"line":94,"column":47}},"21":{"start":{"line":100,"column":53},"end":{"line":106,"column":3}},"22":{"start":{"line":101,"column":4},"end":{"line":105,"column":11}},"23":{"start":{"line":108,"column":53},"end":{"line":114,"column":3}},"24":{"start":{"line":109,"column":4},"end":{"line":113,"column":11}},"25":{"start":{"line":118,"column":2},"end":{"line":122,"column":4}},"26":{"start":{"line":125,"column":23},"end":{"line":127,"column":1}},"27":{"start":{"line":131,"column":15},"end":{"line":138,"column":2}}},"fnMap":{"0":{"name":"(anonymous_0)","decl":{"start":{"line":37,"column":2},"end":{"line":37,"column":3}},"loc":{"start":{"line":37,"column":22},"end":{"line":44,"column":3}},"line":37},"1":{"name":"(anonymous_1)","decl":{"start":{"line":46,"column":2},"end":{"line":46,"column":3}},"loc":{"start":{"line":46,"column":25},"end":{"line":49,"column":3}},"line":46},"2":{"name":"(anonymous_2)","decl":{"start":{"line":51,"column":26},"end":{"line":51,"column":27}},"loc":{"start":{"line":51,"column":60},"end":{"line":62,"column":3}},"line":51},"3":{"name":"(anonymous_3)","decl":{"start":{"line":63,"column":2},"end":{"line":63,"column":3}},"loc":{"start":{"line":63,"column":11},"end":{"line":98,"column":3}},"line":63},"4":{"name":"(anonymous_4)","decl":{"start":{"line":82,"column":24},"end":{"line":82,"column":25}},"loc":{"start":{"line":82,"column":34},"end":{"line":82,"column":52}},"line":82},"5":{"name":"(anonymous_5)","decl":{"start":{"line":84,"column":31},"end":{"line":84,"column":32}},"loc":{"start":{"line":84,"column":37},"end":{"line":84,"column":47}},"line":84},"6":{"name":"(anonymous_6)","decl":{"start":{"line":92,"column":24},"end":{"line":92,"column":25}},"loc":{"start":{"line":92,"column":34},"end":{"line":92,"column":52}},"line":92},"7":{"name":"(anonymous_7)","decl":{"start":{"line":94,"column":31},"end":{"line":94,"column":32}},"loc":{"start":{"line":94,"column":37},"end":{"line":94,"column":47}},"line":94},"8":{"name":"(anonymous_8)","decl":{"start":{"line":100,"column":53},"end":{"line":100,"column":54}},"loc":{"start":{"line":101,"column":4},"end":{"line":105,"column":11}},"line":101},"9":{"name":"(anonymous_9)","decl":{"start":{"line":108,"column":53},"end":{"line":108,"column":54}},"loc":{"start":{"line":109,"column":4},"end":{"line":113,"column":11}},"line":109},"10":{"name":"mapStateToProps","decl":{"start":{"line":117,"column":9},"end":{"line":117,"column":24}},"loc":{"start":{"line":117,"column":37},"end":{"line":123,"column":1}},"line":117}},"branchMap":{"0":{"loc":{"start":{"line":54,"column":4},"end":{"line":56,"column":5}},"type":"if","locations":[{"start":{"line":54,"column":4},"end":{"line":56,"column":5}},{"start":{"line":54,"column":4},"end":{"line":56,"column":5}}],"line":54},"1":{"loc":{"start":{"line":58,"column":4},"end":{"line":61,"column":5}},"type":"if","locations":[{"start":{"line":58,"column":4},"end":{"line":61,"column":5}},{"start":{"line":58,"column":4},"end":{"line":61,"column":5}}],"line":58},"2":{"loc":{"start":{"line":66,"column":4},"end":{"line":74,"column":5}},"type":"if","locations":[{"start":{"line":66,"column":4},"end":{"line":74,"column":5}},{"start":{"line":66,"column":4},"end":{"line":74,"column":5}}],"line":66}},"s":{"0":1,"1":1,"2":1,"3":1,"4":1,"5":1,"6":1,"7":0,"8":0,"9":0,"10":0,"11":0,"12":0,"13":1,"14":1,"15":0,"16":1,"17":2,"18":1,"19":2,"20":1,"21":1,"22":2,"23":1,"24":2,"25":1,"26":1,"27":1},"f":{"0":1,"1":1,"2":0,"3":1,"4":2,"5":1,"6":2,"7":1,"8":2,"9":2,"10":1},"b":{"0":[0,0],"1":[0,0],"2":[0,1]},"_coverageSchema":"1a1c01bbd47fc00a2c39e90264f33305004495a9","hash":"f4ca8510c07d9df061dc56ebc5dc0353a71b82d4"}
,"/Users/tsl08/Documents/pers/YourHome copy/src/constants/config.ts": {"path":"/Users/tsl08/Documents/pers/YourHome copy/src/constants/config.ts","statementMap":{"0":{"start":{"line":1,"column":22},"end":{"line":4,"column":1}}},"fnMap":{},"branchMap":{},"s":{"0":1},"f":{},"b":{},"_coverageSchema":"1a1c01bbd47fc00a2c39e90264f33305004495a9","hash":"efa687cecc6c50988428a282fc3099322f95fc41"}
,"/Users/tsl08/Documents/pers/YourHome copy/src/constants/strings.ts": {"path":"/Users/tsl08/Documents/pers/YourHome copy/src/constants/strings.ts","statementMap":{"0":{"start":{"line":1,"column":23},"end":{"line":10,"column":1}}},"fnMap":{},"branchMap":{},"s":{"0":1},"f":{},"b":{},"_coverageSchema":"1a1c01bbd47fc00a2c39e90264f33305004495a9","hash":"278f75653e1217143ae97d1837a609d3fb6453f2"}
,"/Users/tsl08/Documents/pers/YourHome copy/src/containers/Home.tsx": {"path":"/Users/tsl08/Documents/pers/YourHome copy/src/containers/Home.tsx","statementMap":{"0":{"start":{"line":7,"column":29},"end":{"line":12,"column":3}},"1":{"start":{"line":15,"column":4},"end":{"line":22,"column":6}}},"fnMap":{"0":{"name":"(anonymous_0)","decl":{"start":{"line":14,"column":2},"end":{"line":14,"column":3}},"loc":{"start":{"line":14,"column":11},"end":{"line":23,"column":3}},"line":14}},"branchMap":{},"s":{"0":0,"1":0},"f":{"0":0},"b":{}}
,"/Users/tsl08/Documents/pers/YourHome copy/src/lib/NavigationService.ts": {"path":"/Users/tsl08/Documents/pers/YourHome copy/src/lib/NavigationService.ts","statementMap":{"0":{"start":{"line":22,"column":31},"end":{"line":31,"column":1}},"1":{"start":{"line":32,"column":72},"end":{"line":32,"column":74}},"2":{"start":{"line":33,"column":31},"end":{"line":33,"column":54}},"3":{"start":{"line":35,"column":41},"end":{"line":37,"column":1}},"4":{"start":{"line":36,"column":2},"end":{"line":36,"column":48}},"5":{"start":{"line":39,"column":44},"end":{"line":41,"column":1}},"6":{"start":{"line":40,"column":2},"end":{"line":40,"column":93}},"7":{"start":{"line":43,"column":29},"end":{"line":45,"column":1}},"8":{"start":{"line":44,"column":2},"end":{"line":44,"column":27}},"9":{"start":{"line":47,"column":22},"end":{"line":49,"column":1}},"10":{"start":{"line":48,"column":2},"end":{"line":48,"column":25}},"11":{"start":{"line":51,"column":17},"end":{"line":63,"column":1}},"12":{"start":{"line":52,"column":2},"end":{"line":55,"column":3}},"13":{"start":{"line":53,"column":4},"end":{"line":53,"column":25}},"14":{"start":{"line":54,"column":4},"end":{"line":54,"column":11}},"15":{"start":{"line":56,"column":2},"end":{"line":56,"column":21}},"16":{"start":{"line":57,"column":2},"end":{"line":62,"column":4}},"17":{"start":{"line":65,"column":13},"end":{"line":71,"column":1}},"18":{"start":{"line":66,"column":2},"end":{"line":68,"column":3}},"19":{"start":{"line":67,"column":4},"end":{"line":67,"column":11}},"20":{"start":{"line":69,"column":2},"end":{"line":69,"column":21}},"21":{"start":{"line":70,"column":2},"end":{"line":70,"column":54}},"22":{"start":{"line":73,"column":19},"end":{"line":76,"column":1}},"23":{"start":{"line":74,"column":2},"end":{"line":74,"column":13}},"24":{"start":{"line":75,"column":2},"end":{"line":75,"column":9}},"25":{"start":{"line":78,"column":28},"end":{"line":81,"column":1}},"26":{"start":{"line":79,"column":2},"end":{"line":79,"column":21}},"27":{"start":{"line":80,"column":2},"end":{"line":80,"column":9}},"28":{"start":{"line":83,"column":17},"end":{"line":88,"column":1}},"29":{"start":{"line":84,"column":2},"end":{"line":86,"column":3}},"30":{"start":{"line":85,"column":4},"end":{"line":85,"column":11}},"31":{"start":{"line":87,"column":2},"end":{"line":87,"column":55}},"32":{"start":{"line":90,"column":21},"end":{"line":90,"column":79}},"33":{"start":{"line":90,"column":46},"end":{"line":90,"column":79}}},"fnMap":{"0":{"name":"(anonymous_0)","decl":{"start":{"line":35,"column":41},"end":{"line":35,"column":42}},"loc":{"start":{"line":35,"column":86},"end":{"line":37,"column":1}},"line":35},"1":{"name":"(anonymous_1)","decl":{"start":{"line":39,"column":44},"end":{"line":39,"column":45}},"loc":{"start":{"line":39,"column":89},"end":{"line":41,"column":1}},"line":39},"2":{"name":"(anonymous_2)","decl":{"start":{"line":43,"column":29},"end":{"line":43,"column":30}},"loc":{"start":{"line":43,"column":84},"end":{"line":45,"column":1}},"line":43},"3":{"name":"(anonymous_3)","decl":{"start":{"line":47,"column":22},"end":{"line":47,"column":23}},"loc":{"start":{"line":47,"column":28},"end":{"line":49,"column":1}},"line":47},"4":{"name":"(anonymous_4)","decl":{"start":{"line":51,"column":17},"end":{"line":51,"column":18}},"loc":{"start":{"line":51,"column":61},"end":{"line":63,"column":1}},"line":51},"5":{"name":"(anonymous_5)","decl":{"start":{"line":65,"column":13},"end":{"line":65,"column":14}},"loc":{"start":{"line":65,"column":56},"end":{"line":71,"column":1}},"line":65},"6":{"name":"(anonymous_6)","decl":{"start":{"line":73,"column":19},"end":{"line":73,"column":20}},"loc":{"start":{"line":73,"column":25},"end":{"line":76,"column":1}},"line":73},"7":{"name":"(anonymous_7)","decl":{"start":{"line":78,"column":28},"end":{"line":78,"column":29}},"loc":{"start":{"line":78,"column":34},"end":{"line":81,"column":1}},"line":78},"8":{"name":"(anonymous_8)","decl":{"start":{"line":83,"column":17},"end":{"line":83,"column":18}},"loc":{"start":{"line":83,"column":23},"end":{"line":88,"column":1}},"line":83},"9":{"name":"(anonymous_9)","decl":{"start":{"line":90,"column":21},"end":{"line":90,"column":22}},"loc":{"start":{"line":90,"column":46},"end":{"line":90,"column":79}},"line":90}},"branchMap":{"0":{"loc":{"start":{"line":51,"column":37},"end":{"line":51,"column":56}},"type":"default-arg","locations":[{"start":{"line":51,"column":54},"end":{"line":51,"column":56}}],"line":51},"1":{"loc":{"start":{"line":52,"column":2},"end":{"line":55,"column":3}},"type":"if","locations":[{"start":{"line":52,"column":2},"end":{"line":55,"column":3}},{"start":{"line":52,"column":2},"end":{"line":55,"column":3}}],"line":52},"2":{"loc":{"start":{"line":66,"column":2},"end":{"line":68,"column":3}},"type":"if","locations":[{"start":{"line":66,"column":2},"end":{"line":68,"column":3}},{"start":{"line":66,"column":2},"end":{"line":68,"column":3}}],"line":66},"3":{"loc":{"start":{"line":84,"column":2},"end":{"line":86,"column":3}},"type":"if","locations":[{"start":{"line":84,"column":2},"end":{"line":86,"column":3}},{"start":{"line":84,"column":2},"end":{"line":86,"column":3}}],"line":84},"4":{"loc":{"start":{"line":90,"column":22},"end":{"line":90,"column":41}},"type":"default-arg","locations":[{"start":{"line":90,"column":39},"end":{"line":90,"column":41}}],"line":90}},"s":{"0":0,"1":0,"2":0,"3":0,"4":0,"5":0,"6":0,"7":0,"8":0,"9":0,"10":0,"11":0,"12":0,"13":0,"14":0,"15":0,"16":0,"17":0,"18":0,"19":0,"20":0,"21":0,"22":0,"23":0,"24":0,"25":0,"26":0,"27":0,"28":0,"29":0,"30":0,"31":0,"32":0,"33":0},"f":{"0":0,"1":0,"2":0,"3":0,"4":0,"5":0,"6":0,"7":0,"8":0,"9":0},"b":{"0":[0],"1":[0,0],"2":[0,0],"3":[0,0],"4":[0]}}
,"/Users/tsl08/Documents/pers/YourHome copy/src/reducers/appReducer.ts": {"path":"/Users/tsl08/Documents/pers/YourHome copy/src/reducers/appReducer.ts","statementMap":{"0":{"start":{"line":8,"column":38},"end":{"line":10,"column":1}},"1":{"start":{"line":13,"column":2},"end":{"line":18,"column":3}},"2":{"start":{"line":15,"column":6},"end":{"line":15,"column":68}},"3":{"start":{"line":17,"column":6},"end":{"line":17,"column":19}}},"fnMap":{"0":{"name":"appReducer","decl":{"start":{"line":12,"column":24},"end":{"line":12,"column":34}},"loc":{"start":{"line":12,"column":75},"end":{"line":19,"column":1}},"line":12}},"branchMap":{"0":{"loc":{"start":{"line":12,"column":35},"end":{"line":12,"column":55}},"type":"default-arg","locations":[{"start":{"line":12,"column":43},"end":{"line":12,"column":55}}],"line":12},"1":{"loc":{"start":{"line":12,"column":57},"end":{"line":12,"column":73}},"type":"default-arg","locations":[{"start":{"line":12,"column":71},"end":{"line":12,"column":73}}],"line":12},"2":{"loc":{"start":{"line":13,"column":2},"end":{"line":18,"column":3}},"type":"switch","locations":[{"start":{"line":14,"column":4},"end":{"line":15,"column":68}},{"start":{"line":16,"column":4},"end":{"line":17,"column":19}}],"line":13}},"s":{"0":1,"1":5,"2":0,"3":5},"f":{"0":5},"b":{"0":[3],"1":[0],"2":[0,5]},"_coverageSchema":"1a1c01bbd47fc00a2c39e90264f33305004495a9","hash":"8db897a9e2f56a06936677f7255d610f98bead82"}
,"/Users/tsl08/Documents/pers/YourHome copy/src/reducers/orderBookReducer.ts": {"path":"/Users/tsl08/Documents/pers/YourHome copy/src/reducers/orderBookReducer.ts","statementMap":{"0":{"start":{"line":6,"column":36},"end":{"line":15,"column":1}},"1":{"start":{"line":17,"column":16},"end":{"line":61,"column":1}},"2":{"start":{"line":18,"column":2},"end":{"line":60,"column":3}},"3":{"start":{"line":20,"column":6},"end":{"line":23,"column":8}},"4":{"start":{"line":25,"column":6},"end":{"line":28,"column":8}},"5":{"start":{"line":30,"column":6},"end":{"line":34,"column":8}},"6":{"start":{"line":36,"column":6},"end":{"line":39,"column":8}},"7":{"start":{"line":41,"column":23},"end":{"line":41,"column":49}},"8":{"start":{"line":43,"column":19},"end":{"line":43,"column":34}},"9":{"start":{"line":44,"column":26},"end":{"line":44,"column":64}},"10":{"start":{"line":46,"column":19},"end":{"line":46,"column":34}},"11":{"start":{"line":47,"column":26},"end":{"line":47,"column":64}},"12":{"start":{"line":49,"column":6},"end":{"line":56,"column":8}},"13":{"start":{"line":59,"column":6},"end":{"line":59,"column":19}},"14":{"start":{"line":67,"column":2},"end":{"line":67,"column":25}},"15":{"start":{"line":71,"column":2},"end":{"line":71,"column":31}},"16":{"start":{"line":75,"column":2},"end":{"line":75,"column":29}},"17":{"start":{"line":79,"column":2},"end":{"line":79,"column":28}},"18":{"start":{"line":83,"column":2},"end":{"line":83,"column":36}}},"fnMap":{"0":{"name":"(anonymous_0)","decl":{"start":{"line":17,"column":16},"end":{"line":17,"column":17}},"loc":{"start":{"line":17,"column":60},"end":{"line":61,"column":1}},"line":17},"1":{"name":"select","decl":{"start":{"line":66,"column":9},"end":{"line":66,"column":15}},"loc":{"start":{"line":66,"column":28},"end":{"line":68,"column":1}},"line":66},"2":{"name":"getSuccess","decl":{"start":{"line":70,"column":16},"end":{"line":70,"column":26}},"loc":{"start":{"line":70,"column":39},"end":{"line":72,"column":1}},"line":70},"3":{"name":"getError","decl":{"start":{"line":74,"column":16},"end":{"line":74,"column":24}},"loc":{"start":{"line":74,"column":37},"end":{"line":76,"column":1}},"line":74},"4":{"name":"getData","decl":{"start":{"line":78,"column":16},"end":{"line":78,"column":23}},"loc":{"start":{"line":78,"column":36},"end":{"line":80,"column":1}},"line":78},"5":{"name":"isSubscribed","decl":{"start":{"line":82,"column":16},"end":{"line":82,"column":28}},"loc":{"start":{"line":82,"column":41},"end":{"line":84,"column":1}},"line":82}},"branchMap":{"0":{"loc":{"start":{"line":17,"column":17},"end":{"line":17,"column":37}},"type":"default-arg","locations":[{"start":{"line":17,"column":25},"end":{"line":17,"column":37}}],"line":17},"1":{"loc":{"start":{"line":17,"column":39},"end":{"line":17,"column":55}},"type":"default-arg","locations":[{"start":{"line":17,"column":53},"end":{"line":17,"column":55}}],"line":17},"2":{"loc":{"start":{"line":18,"column":2},"end":{"line":60,"column":3}},"type":"switch","locations":[{"start":{"line":19,"column":4},"end":{"line":23,"column":8}},{"start":{"line":24,"column":4},"end":{"line":28,"column":8}},{"start":{"line":29,"column":4},"end":{"line":34,"column":8}},{"start":{"line":35,"column":4},"end":{"line":39,"column":8}},{"start":{"line":40,"column":4},"end":{"line":56,"column":8}},{"start":{"line":58,"column":4},"end":{"line":59,"column":19}}],"line":18}},"s":{"0":2,"1":2,"2":5,"3":0,"4":0,"5":0,"6":0,"7":1,"8":1,"9":1,"10":1,"11":1,"12":1,"13":4,"14":3,"15":1,"16":1,"17":1,"18":0},"f":{"0":5,"1":3,"2":1,"3":1,"4":1,"5":0},"b":{"0":[3],"1":[0],"2":[0,0,0,0,1,4]},"_coverageSchema":"1a1c01bbd47fc00a2c39e90264f33305004495a9","hash":"aafb28211ce99398bac4d106fd8ae3b251a6c64b"}
,"/Users/tsl08/Documents/pers/YourHome copy/src/services/api.ts": {"path":"/Users/tsl08/Documents/pers/YourHome copy/src/services/api.ts","statementMap":{"0":{"start":{"line":1,"column":15},"end":{"line":1,"column":77}},"1":{"start":{"line":3,"column":29},"end":{"line":11,"column":1}},"2":{"start":{"line":4,"column":14},"end":{"line":4,"column":33}},"3":{"start":{"line":5,"column":19},"end":{"line":5,"column":35}},"4":{"start":{"line":6,"column":23},"end":{"line":6,"column":44}},"5":{"start":{"line":7,"column":2},"end":{"line":9,"column":3}},"6":{"start":{"line":8,"column":4},"end":{"line":8,"column":95}},"7":{"start":{"line":10,"column":2},"end":{"line":10,"column":22}}},"fnMap":{"0":{"name":"(anonymous_0)","decl":{"start":{"line":3,"column":29},"end":{"line":3,"column":30}},"loc":{"start":{"line":3,"column":41},"end":{"line":11,"column":1}},"line":3}},"branchMap":{"0":{"loc":{"start":{"line":7,"column":2},"end":{"line":9,"column":3}},"type":"if","locations":[{"start":{"line":7,"column":2},"end":{"line":9,"column":3}},{"start":{"line":7,"column":2},"end":{"line":9,"column":3}}],"line":7},"1":{"loc":{"start":{"line":7,"column":6},"end":{"line":7,"column":59}},"type":"binary-expr","locations":[{"start":{"line":7,"column":6},"end":{"line":7,"column":25}},{"start":{"line":7,"column":29},"end":{"line":7,"column":59}}],"line":7},"2":{"loc":{"start":{"line":8,"column":20},"end":{"line":8,"column":93}},"type":"cond-expr","locations":[{"start":{"line":8,"column":53},"end":{"line":8,"column":83}},{"start":{"line":8,"column":86},"end":{"line":8,"column":93}}],"line":8}},"s":{"0":0,"1":0,"2":0,"3":0,"4":0,"5":0,"6":0,"7":0},"f":{"0":0},"b":{"0":[0,0],"1":[0,0],"2":[0,0]}}
,"/Users/tsl08/Documents/pers/YourHome copy/src/services/socket.ts": {"path":"/Users/tsl08/Documents/pers/YourHome copy/src/services/socket.ts","statementMap":{"0":{"start":{"line":12,"column":2},"end":{"line":12,"column":41}},"1":{"start":{"line":14,"column":2},"end":{"line":19,"column":4}},"2":{"start":{"line":16,"column":4},"end":{"line":16,"column":31}},"3":{"start":{"line":18,"column":4},"end":{"line":18,"column":37}},"4":{"start":{"line":21,"column":2},"end":{"line":24,"column":4}},"5":{"start":{"line":23,"column":4},"end":{"line":23,"column":36}},"6":{"start":{"line":26,"column":2},"end":{"line":29,"column":4}},"7":{"start":{"line":28,"column":4},"end":{"line":28,"column":40}},"8":{"start":{"line":31,"column":2},"end":{"line":35,"column":4}},"9":{"start":{"line":33,"column":4},"end":{"line":33,"column":34}},"10":{"start":{"line":34,"column":4},"end":{"line":34,"column":26}}},"fnMap":{"0":{"name":"subscribeOrderBook","decl":{"start":{"line":11,"column":16},"end":{"line":11,"column":34}},"loc":{"start":{"line":11,"column":55},"end":{"line":36,"column":1}},"line":11},"1":{"name":"(anonymous_1)","decl":{"start":{"line":14,"column":14},"end":{"line":14,"column":15}},"loc":{"start":{"line":14,"column":20},"end":{"line":19,"column":3}},"line":14},"2":{"name":"(anonymous_2)","decl":{"start":{"line":21,"column":17},"end":{"line":21,"column":18}},"loc":{"start":{"line":21,"column":24},"end":{"line":24,"column":3}},"line":21},"3":{"name":"(anonymous_3)","decl":{"start":{"line":26,"column":15},"end":{"line":26,"column":16}},"loc":{"start":{"line":26,"column":22},"end":{"line":29,"column":3}},"line":26},"4":{"name":"(anonymous_4)","decl":{"start":{"line":31,"column":15},"end":{"line":31,"column":16}},"loc":{"start":{"line":31,"column":22},"end":{"line":35,"column":3}},"line":31}},"branchMap":{},"s":{"0":0,"1":0,"2":0,"3":0,"4":0,"5":0,"6":0,"7":0,"8":0,"9":0,"10":0},"f":{"0":0,"1":0,"2":0,"3":0,"4":0},"b":{},"_coverageSchema":"1a1c01bbd47fc00a2c39e90264f33305004495a9","hash":"f3918a63a90153e2df0acda57fd28771718a7c29"}
,"/Users/tsl08/Documents/pers/YourHome copy/src/types/index.d.ts": {"path":"/Users/tsl08/Documents/pers/YourHome copy/src/types/index.d.ts","statementMap":{},"fnMap":{},"branchMap":{},"s":{},"f":{},"b":{}}
,"/Users/tsl08/Documents/pers/YourHome copy/src/utils/calulations.ts": {"path":"/Users/tsl08/Documents/pers/YourHome copy/src/utils/calulations.ts","statementMap":{"0":{"start":{"line":1,"column":23},"end":{"line":5,"column":1}},"1":{"start":{"line":2,"column":2},"end":{"line":4,"column":8}},"2":{"start":{"line":3,"column":4},"end":{"line":3,"column":38}},"3":{"start":{"line":7,"column":29},"end":{"line":21,"column":1}},"4":{"start":{"line":8,"column":2},"end":{"line":10,"column":3}},"5":{"start":{"line":9,"column":4},"end":{"line":9,"column":16}},"6":{"start":{"line":11,"column":2},"end":{"line":13,"column":5}},"7":{"start":{"line":12,"column":4},"end":{"line":12,"column":24}},"8":{"start":{"line":15,"column":17},"end":{"line":15,"column":26}},"9":{"start":{"line":16,"column":2},"end":{"line":19,"column":5}},"10":{"start":{"line":17,"column":4},"end":{"line":17,"column":31}},"11":{"start":{"line":18,"column":4},"end":{"line":18,"column":34}},"12":{"start":{"line":20,"column":2},"end":{"line":20,"column":14}},"13":{"start":{"line":23,"column":33},"end":{"line":44,"column":1}},"14":{"start":{"line":24,"column":2},"end":{"line":26,"column":3}},"15":{"start":{"line":25,"column":4},"end":{"line":25,"column":19}},"16":{"start":{"line":28,"column":2},"end":{"line":30,"column":3}},"17":{"start":{"line":29,"column":4},"end":{"line":29,"column":19}},"18":{"start":{"line":32,"column":2},"end":{"line":39,"column":5}},"19":{"start":{"line":33,"column":18},"end":{"line":33,"column":61}},"20":{"start":{"line":33,"column":44},"end":{"line":33,"column":60}},"21":{"start":{"line":34,"column":4},"end":{"line":38,"column":5}},"22":{"start":{"line":35,"column":6},"end":{"line":35,"column":27}},"23":{"start":{"line":37,"column":6},"end":{"line":37,"column":24}},"24":{"start":{"line":41,"column":2},"end":{"line":43,"column":5}},"25":{"start":{"line":42,"column":4},"end":{"line":42,"column":23}},"26":{"start":{"line":46,"column":32},"end":{"line":48,"column":1}},"27":{"start":{"line":47,"column":2},"end":{"line":47,"column":60}}},"fnMap":{"0":{"name":"(anonymous_0)","decl":{"start":{"line":1,"column":23},"end":{"line":1,"column":24}},"loc":{"start":{"line":1,"column":45},"end":{"line":5,"column":1}},"line":1},"1":{"name":"(anonymous_1)","decl":{"start":{"line":2,"column":21},"end":{"line":2,"column":22}},"loc":{"start":{"line":2,"column":37},"end":{"line":4,"column":3}},"line":2},"2":{"name":"(anonymous_2)","decl":{"start":{"line":7,"column":29},"end":{"line":7,"column":30}},"loc":{"start":{"line":7,"column":51},"end":{"line":21,"column":1}},"line":7},"3":{"name":"(anonymous_3)","decl":{"start":{"line":11,"column":21},"end":{"line":11,"column":22}},"loc":{"start":{"line":11,"column":36},"end":{"line":13,"column":3}},"line":11},"4":{"name":"(anonymous_4)","decl":{"start":{"line":16,"column":15},"end":{"line":16,"column":16}},"loc":{"start":{"line":16,"column":30},"end":{"line":19,"column":3}},"line":16},"5":{"name":"(anonymous_5)","decl":{"start":{"line":23,"column":33},"end":{"line":23,"column":34}},"loc":{"start":{"line":23,"column":79},"end":{"line":44,"column":1}},"line":23},"6":{"name":"(anonymous_6)","decl":{"start":{"line":32,"column":18},"end":{"line":32,"column":19}},"loc":{"start":{"line":32,"column":33},"end":{"line":39,"column":3}},"line":32},"7":{"name":"(anonymous_7)","decl":{"start":{"line":33,"column":36},"end":{"line":33,"column":37}},"loc":{"start":{"line":33,"column":44},"end":{"line":33,"column":60}},"line":33},"8":{"name":"(anonymous_8)","decl":{"start":{"line":41,"column":22},"end":{"line":41,"column":23}},"loc":{"start":{"line":41,"column":38},"end":{"line":43,"column":3}},"line":41},"9":{"name":"(anonymous_9)","decl":{"start":{"line":46,"column":32},"end":{"line":46,"column":33}},"loc":{"start":{"line":46,"column":56},"end":{"line":48,"column":1}},"line":46}},"branchMap":{"0":{"loc":{"start":{"line":3,"column":16},"end":{"line":3,"column":36}},"type":"cond-expr","locations":[{"start":{"line":3,"column":28},"end":{"line":3,"column":32}},{"start":{"line":3,"column":35},"end":{"line":3,"column":36}}],"line":3},"1":{"loc":{"start":{"line":3,"column":16},"end":{"line":3,"column":25}},"type":"binary-expr","locations":[{"start":{"line":3,"column":16},"end":{"line":3,"column":17}},{"start":{"line":3,"column":21},"end":{"line":3,"column":25}}],"line":3},"2":{"loc":{"start":{"line":8,"column":2},"end":{"line":10,"column":3}},"type":"if","locations":[{"start":{"line":8,"column":2},"end":{"line":10,"column":3}},{"start":{"line":8,"column":2},"end":{"line":10,"column":3}}],"line":8},"3":{"loc":{"start":{"line":24,"column":2},"end":{"line":26,"column":3}},"type":"if","locations":[{"start":{"line":24,"column":2},"end":{"line":26,"column":3}},{"start":{"line":24,"column":2},"end":{"line":26,"column":3}}],"line":24},"4":{"loc":{"start":{"line":24,"column":6},"end":{"line":24,"column":38}},"type":"binary-expr","locations":[{"start":{"line":24,"column":6},"end":{"line":24,"column":14}},{"start":{"line":24,"column":18},"end":{"line":24,"column":38}}],"line":24},"5":{"loc":{"start":{"line":28,"column":2},"end":{"line":30,"column":3}},"type":"if","locations":[{"start":{"line":28,"column":2},"end":{"line":30,"column":3}},{"start":{"line":28,"column":2},"end":{"line":30,"column":3}}],"line":28},"6":{"loc":{"start":{"line":28,"column":6},"end":{"line":28,"column":38}},"type":"binary-expr","locations":[{"start":{"line":28,"column":6},"end":{"line":28,"column":14}},{"start":{"line":28,"column":18},"end":{"line":28,"column":38}}],"line":28},"7":{"loc":{"start":{"line":34,"column":4},"end":{"line":38,"column":5}},"type":"if","locations":[{"start":{"line":34,"column":4},"end":{"line":38,"column":5}},{"start":{"line":34,"column":4},"end":{"line":38,"column":5}}],"line":34}},"s":{"0":3,"1":5,"2":7,"3":3,"4":4,"5":0,"6":4,"7":6,"8":4,"9":4,"10":4,"11":4,"12":4,"13":3,"14":3,"15":2,"16":1,"17":0,"18":1,"19":2,"20":5,"21":2,"22":0,"23":2,"24":1,"25":3,"26":3,"27":12},"f":{"0":5,"1":7,"2":4,"3":6,"4":4,"5":3,"6":2,"7":5,"8":3,"9":12},"b":{"0":[7,0],"1":[7,7],"2":[0,4],"3":[2,1],"4":[3,3],"5":[0,1],"6":[1,1],"7":[0,2]},"_coverageSchema":"1a1c01bbd47fc00a2c39e90264f33305004495a9","hash":"e3409321eb3f3bf13e7e647789057313dabc4f52"}
}
