TN:
SF:src/App.tsx
FN:5,(anonymous_0)
FN:8,(anonymous_1)
FNF:2
FNH:0
FNDA:0,(anonymous_0)
FNDA:0,(anonymous_1)
DA:5,0
DA:6,0
DA:9,0
LF:3
LH:0
BRF:0
BRH:0
end_of_record
TN:
SF:src/Stack.ts
FNF:0
FNH:0
DA:4,0
LF:1
LH:0
BRF:0
BRH:0
end_of_record
TN:
SF:src/index.tsx
FN:11,(anonymous_0)
FN:14,(anonymous_1)
FNF:2
FNH:0
FNDA:0,(anonymous_0)
FNDA:0,(anonymous_1)
DA:12,0
DA:15,0
LF:2
LH:0
BRF:0
BRH:0
end_of_record
TN:
SF:src/store.ts
FN:34,(anonymous_0)
FN:34,(anonymous_1)
FN:34,(anonymous_2)
FNF:3
FNH:3
FNDA:1,(anonymous_0)
FNDA:1,(anonymous_1)
FNDA:2,(anonymous_2)
DA:16,1
DA:21,1
DA:26,1
DA:31,1
DA:34,1
DA:35,2
DA:38,1
DA:40,1
DA:41,1
DA:43,1
DA:45,1
LF:11
LH:11
BRF:0
BRH:0
end_of_record
TN:
SF:src/actions/actionTypes.ts
FN:9,createActionTypes
FN:11,(anonymous_1)
FNF:2
FNH:2
FNDA:6,createActionTypes
FNDA:18,(anonymous_1)
DA:10,6
DA:11,18
DA:12,6
DA:15,3
DA:17,3
LF:5
LH:5
BRF:0
BRH:0
end_of_record
TN:
SF:src/actions/appActions.ts
FN:11,(anonymous_0)
FNF:1
FNH:1
FNDA:1,(anonymous_0)
DA:11,1
DA:12,1
LF:2
LH:2
BRF:0
BRH:0
end_of_record
TN:
SF:src/actions/orderBookActions.ts
FN:15,subscribeOrderBook
FN:16,(anonymous_1)
FN:18,(anonymous_2)
FN:44,unsubscribeOrderBook
FNF:4
FNH:1
FNDA:0,subscribeOrderBook
FNDA:0,(anonymous_1)
FNDA:0,(anonymous_2)
FNDA:1,unsubscribeOrderBook
DA:4,2
DA:5,2
DA:6,2
DA:7,2
DA:16,0
DA:17,0
DA:18,0
DA:19,0
DA:21,0
DA:26,0
DA:31,0
DA:36,0
DA:45,1
LF:13
LH:5
BRDA:19,0,0,0
BRDA:19,0,1,0
BRDA:19,0,2,0
BRDA:19,0,3,0
BRDA:28,1,0,0
BRDA:28,1,1,0
BRF:6
BRH:0
end_of_record
TN:
SF:src/components/headerComponent.tsx
FN:4,(anonymous_0)
FNF:1
FNH:1
FNDA:2,(anonymous_0)
DA:4,1
DA:5,2
DA:14,1
LF:3
LH:3
BRF:0
BRH:0
end_of_record
TN:
SF:src/components/OrderBook/OrderBook.tsx
FN:37,(anonymous_0)
FN:46,(anonymous_1)
FN:51,(anonymous_2)
FN:63,(anonymous_3)
FN:82,(anonymous_4)
FN:84,(anonymous_5)
FN:92,(anonymous_6)
FN:94,(anonymous_7)
FN:100,(anonymous_8)
FN:108,(anonymous_9)
FN:117,mapStateToProps
FNF:11
FNH:10
FNDA:1,(anonymous_0)
FNDA:1,(anonymous_1)
FNDA:0,(anonymous_2)
FNDA:1,(anonymous_3)
FNDA:2,(anonymous_4)
FNDA:1,(anonymous_5)
FNDA:2,(anonymous_6)
FNDA:1,(anonymous_7)
FNDA:2,(anonymous_8)
FNDA:2,(anonymous_9)
FNDA:1,mapStateToProps
DA:33,1
DA:40,1
DA:42,1
DA:43,1
DA:47,1
DA:48,1
DA:51,1
DA:52,0
DA:54,0
DA:55,0
DA:58,0
DA:59,0
DA:60,0
DA:64,1
DA:66,1
DA:67,0
DA:76,1
DA:82,2
DA:84,1
DA:92,2
DA:94,1
DA:100,1
DA:101,2
DA:108,1
DA:109,2
DA:118,1
DA:125,1
DA:131,1
LF:28
LH:21
BRDA:54,0,0,0
BRDA:54,0,1,0
BRDA:58,1,0,0
BRDA:58,1,1,0
BRDA:66,2,0,0
BRDA:66,2,1,1
BRF:6
BRH:1
end_of_record
TN:
SF:src/constants/config.ts
FNF:0
FNH:0
DA:1,1
LF:1
LH:1
BRF:0
BRH:0
end_of_record
TN:
SF:src/constants/strings.ts
FNF:0
FNH:0
DA:1,1
LF:1
LH:1
BRF:0
BRH:0
end_of_record
TN:
SF:src/containers/Home.tsx
FN:14,(anonymous_0)
FNF:1
FNH:0
FNDA:0,(anonymous_0)
DA:7,0
DA:15,0
LF:2
LH:0
BRF:0
BRH:0
end_of_record
TN:
SF:src/lib/NavigationService.ts
FN:35,(anonymous_0)
FN:39,(anonymous_1)
FN:43,(anonymous_2)
FN:47,(anonymous_3)
FN:51,(anonymous_4)
FN:65,(anonymous_5)
FN:73,(anonymous_6)
FN:78,(anonymous_7)
FN:83,(anonymous_8)
FN:90,(anonymous_9)
FNF:10
FNH:0
FNDA:0,(anonymous_0)
FNDA:0,(anonymous_1)
FNDA:0,(anonymous_2)
FNDA:0,(anonymous_3)
FNDA:0,(anonymous_4)
FNDA:0,(anonymous_5)
FNDA:0,(anonymous_6)
FNDA:0,(anonymous_7)
FNDA:0,(anonymous_8)
FNDA:0,(anonymous_9)
DA:22,0
DA:32,0
DA:33,0
DA:35,0
DA:36,0
DA:39,0
DA:40,0
DA:43,0
DA:44,0
DA:47,0
DA:48,0
DA:51,0
DA:52,0
DA:53,0
DA:54,0
DA:56,0
DA:57,0
DA:65,0
DA:66,0
DA:67,0
DA:69,0
DA:70,0
DA:73,0
DA:74,0
DA:75,0
DA:78,0
DA:79,0
DA:80,0
DA:83,0
DA:84,0
DA:85,0
DA:87,0
DA:90,0
LF:33
LH:0
BRDA:51,0,0,0
BRDA:52,1,0,0
BRDA:52,1,1,0
BRDA:66,2,0,0
BRDA:66,2,1,0
BRDA:84,3,0,0
BRDA:84,3,1,0
BRDA:90,4,0,0
BRF:8
BRH:0
end_of_record
TN:
SF:src/reducers/appReducer.ts
FN:12,appReducer
FNF:1
FNH:1
FNDA:5,appReducer
DA:8,1
DA:13,5
DA:15,0
DA:17,5
LF:4
LH:3
BRDA:12,0,0,3
BRDA:12,1,0,0
BRDA:13,2,0,0
BRDA:13,2,1,5
BRF:4
BRH:2
end_of_record
TN:
SF:src/reducers/orderBookReducer.ts
FN:17,(anonymous_0)
FN:66,select
FN:70,getSuccess
FN:74,getError
FN:78,getData
FN:82,isSubscribed
FNF:6
FNH:5
FNDA:5,(anonymous_0)
FNDA:3,select
FNDA:1,getSuccess
FNDA:1,getError
FNDA:1,getData
FNDA:0,isSubscribed
DA:6,2
DA:17,2
DA:18,5
DA:20,0
DA:25,0
DA:30,0
DA:36,0
DA:41,1
DA:43,1
DA:44,1
DA:46,1
DA:47,1
DA:49,1
DA:59,4
DA:67,3
DA:71,1
DA:75,1
DA:79,1
DA:83,0
LF:19
LH:14
BRDA:17,0,0,3
BRDA:17,1,0,0
BRDA:18,2,0,0
BRDA:18,2,1,0
BRDA:18,2,2,0
BRDA:18,2,3,0
BRDA:18,2,4,1
BRDA:18,2,5,4
BRF:8
BRH:3
end_of_record
TN:
SF:src/services/api.ts
FN:3,(anonymous_0)
FNF:1
FNH:0
FNDA:0,(anonymous_0)
DA:1,0
DA:3,0
DA:4,0
DA:5,0
DA:6,0
DA:7,0
DA:8,0
DA:10,0
LF:8
LH:0
BRDA:7,0,0,0
BRDA:7,0,1,0
BRDA:7,1,0,0
BRDA:7,1,1,0
BRDA:8,2,0,0
BRDA:8,2,1,0
BRF:6
BRH:0
end_of_record
TN:
SF:src/services/socket.ts
FN:11,subscribeOrderBook
FN:14,(anonymous_1)
FN:21,(anonymous_2)
FN:26,(anonymous_3)
FN:31,(anonymous_4)
FNF:5
FNH:0
FNDA:0,subscribeOrderBook
FNDA:0,(anonymous_1)
FNDA:0,(anonymous_2)
FNDA:0,(anonymous_3)
FNDA:0,(anonymous_4)
DA:12,0
DA:14,0
DA:16,0
DA:18,0
DA:21,0
DA:23,0
DA:26,0
DA:28,0
DA:31,0
DA:33,0
DA:34,0
LF:11
LH:0
BRF:0
BRH:0
end_of_record
TN:
SF:src/types/index.d.ts
FNF:0
FNH:0
LF:0
LH:0
BRF:0
BRH:0
end_of_record
TN:
SF:src/utils/calulations.ts
FN:1,(anonymous_0)
FN:2,(anonymous_1)
FN:7,(anonymous_2)
FN:11,(anonymous_3)
FN:16,(anonymous_4)
FN:23,(anonymous_5)
FN:32,(anonymous_6)
FN:33,(anonymous_7)
FN:41,(anonymous_8)
FN:46,(anonymous_9)
FNF:10
FNH:10
FNDA:5,(anonymous_0)
FNDA:7,(anonymous_1)
FNDA:4,(anonymous_2)
FNDA:6,(anonymous_3)
FNDA:4,(anonymous_4)
FNDA:3,(anonymous_5)
FNDA:2,(anonymous_6)
FNDA:5,(anonymous_7)
FNDA:3,(anonymous_8)
FNDA:12,(anonymous_9)
DA:1,3
DA:2,5
DA:3,7
DA:7,3
DA:8,4
DA:9,0
DA:11,4
DA:12,6
DA:15,4
DA:16,4
DA:17,4
DA:18,4
DA:20,4
DA:23,3
DA:24,3
DA:25,2
DA:28,1
DA:29,0
DA:32,1
DA:33,5
DA:34,2
DA:35,0
DA:37,2
DA:41,1
DA:42,3
DA:46,3
DA:47,12
LF:27
LH:24
BRDA:3,0,0,7
BRDA:3,0,1,0
BRDA:3,1,0,7
BRDA:3,1,1,7
BRDA:8,2,0,0
BRDA:8,2,1,4
BRDA:24,3,0,2
BRDA:24,3,1,1
BRDA:24,4,0,3
BRDA:24,4,1,3
BRDA:28,5,0,0
BRDA:28,5,1,1
BRDA:28,6,0,1
BRDA:28,6,1,1
BRDA:34,7,0,0
BRDA:34,7,1,2
BRF:16
BRH:12
end_of_record
